<?xml version="1.0" encoding="UTF-8"?>
<testsuite xmlns:xsi="http://www.w3.org/2001/XMLSchema-instance" xsi:noNamespaceSchemaLocation="https://maven.apache.org/surefire/maven-surefire-plugin/xsd/surefire-test-report-3.0.xsd" version="3.0" name="com.example.loyalty.pact.PromoServiceConsumerPactTest" time="1.007" tests="1" errors="0" skipped="0" failures="0">
  <properties>
[...]
</properties>
  <testcase name="promoClient_parsesPromo(MockServer)" classname="com.example.loyalty.pact.PromoServiceConsumerPactTest" time="0.519">
    <system-out><![CDATA[{"ts":"2026-02-19 00:58:18,833","level":"INFO","thread":"main","logger":"com.example.loyalty.service.impl.HttpPromoClient","correlationId":"","msg":"Promo client initialized: host=localhost, port=58430, timeout=300ms"}
{"ts":"2026-02-19 00:58:18,875","level":"WARN","thread":"Thread-33","logger":"au.com.dius.pact.core.support.Metrics","correlationId":"","msg":"
            Please note: we are tracking events anonymously to gather important usage statistics like JVM version
            and operating system. To disable tracking, set the 'pact_do_not_track' system property or environment
            variable to 'true'.
            "}
]]></system-out>
  </testcase>
</testsuite>